# JRE version: Java(TM) SE Runtime Environment (8.0_291-b10) (build 1.8.0_291-b10)
# Java VM: Java HotSpot(TM) 64-Bit Server VM (25.291-b10 mixed mode windows-amd64 compressed oops)
Heap:
 PSYoungGen      total 76288K, used 14723K [0x00000000f5580000, 0x00000000fdc00000, 0x0000000100000000)
  eden space 65536K, 22% used [0x00000000f5580000,0x00000000f63e0e10,0x00000000f9580000)
  from space 10752K, 0% used [0x00000000f9580000,0x00000000f9580000,0x00000000fa000000)
  to   space 12288K, 0% used [0x00000000fd000000,0x00000000fd000000,0x00000000fdc00000)
 ParOldGen       total 175104K, used 13798K [0x00000000e0000000, 0x00000000eab00000, 0x00000000f5580000)
  object space 175104K, 7% used [0x00000000e0000000,0x00000000e0d79800,0x00000000eab00000)
 Metaspace       used 34786K, capacity 36158K, committed 36440K, reserved 1081344K
  class space    used 4888K, capacity 5187K, committed 5248K, reserved 1048576K
GC Heap History (10 events):
Event: 3.444 GC heap before
{Heap before GC invocations=5 (full 1):
 PSYoungGen      total 76288K, used 8021K [0x00000000f5580000, 0x00000000faa80000, 0x0000000100000000)
  eden space 65536K, 0% used [0x00000000f5580000,0x00000000f5580000,0x00000000f9580000)
  from space 10752K, 74% used [0x00000000fa000000,0x00000000fa7d5760,0x00000000faa80000)
  to   space 10752K, 0% used [0x00000000f9580000,0x00000000f9580000,0x00000000fa000000)
 ParOldGen       total 175104K, used 635K [0x00000000e0000000, 0x00000000eab00000, 0x00000000f5580000)
  object space 175104K, 0% used [0x00000000e0000000,0x00000000e009ee98,0x00000000eab00000)
 Metaspace       used 20356K, capacity 21122K, committed 21248K, reserved 1067008K
  class space    used 3004K, capacity 3245K, committed 3328K, reserved 1048576K
Event: 3.482 GC heap after
Heap after GC invocations=5 (full 1):
 PSYoungGen      total 76288K, used 0K [0x00000000f5580000, 0x00000000faa80000, 0x0000000100000000)
  eden space 65536K, 0% used [0x00000000f5580000,0x00000000f5580000,0x00000000f9580000)
  from space 10752K, 0% used [0x00000000fa000000,0x00000000fa000000,0x00000000faa80000)
  to   space 10752K, 0% used [0x00000000f9580000,0x00000000f9580000,0x00000000fa000000)
 ParOldGen       total 175104K, used 7881K [0x00000000e0000000, 0x00000000eab00000, 0x00000000f5580000)
  object space 175104K, 4% used [0x00000000e0000000,0x00000000e07b2460,0x00000000eab00000)
 Metaspace       used 20356K, capacity 21122K, committed 21248K, reserved 1067008K
  class space    used 3004K, capacity 3245K, committed 3328K, reserved 1048576K
}
Event: 4.170 GC heap before
{Heap before GC invocations=6 (full 1):
 PSYoungGen      total 76288K, used 65306K [0x00000000f5580000, 0x00000000faa80000, 0x0000000100000000)
  eden space 65536K, 99% used [0x00000000f5580000,0x00000000f9546aa8,0x00000000f9580000)
  from space 10752K, 0% used [0x00000000fa000000,0x00000000fa000000,0x00000000faa80000)
  to   space 10752K, 0% used [0x00000000f9580000,0x00000000f9580000,0x00000000fa000000)
 ParOldGen       total 175104K, used 7881K [0x00000000e0000000, 0x00000000eab00000, 0x00000000f5580000)
  object space 175104K, 4% used [0x00000000e0000000,0x00000000e07b2460,0x00000000eab00000)
 Metaspace       used 25461K, capacity 26502K, committed 26624K, reserved 1071104K
  class space    used 3840K, capacity 4088K, committed 4096K, reserved 1048576K
Event: 4.175 GC heap after
Heap after GC invocations=6 (full 1):
 PSYoungGen      total 76288K, used 7115K [0x00000000f5580000, 0x00000000faa80000, 0x0000000100000000)
  eden space 65536K, 0% used [0x00000000f5580000,0x00000000f5580000,0x00000000f9580000)
  from space 10752K, 66% used [0x00000000f9580000,0x00000000f9c72ee8,0x00000000fa000000)
  to   space 10752K, 0% used [0x00000000fa000000,0x00000000fa000000,0x00000000faa80000)
 ParOldGen       total 175104K, used 7889K [0x00000000e0000000, 0x00000000eab00000, 0x00000000f5580000)
  object space 175104K, 4% used [0x00000000e0000000,0x00000000e07b4460,0x00000000eab00000)
 Metaspace       used 25461K, capacity 26502K, committed 26624K, reserved 1071104K
  class space    used 3840K, capacity 4088K, committed 4096K, reserved 1048576K
}
Event: 5.130 GC heap before
{Heap before GC invocations=7 (full 1):
 PSYoungGen      total 76288K, used 72651K [0x00000000f5580000, 0x00000000faa80000, 0x0000000100000000)
  eden space 65536K, 100% used [0x00000000f5580000,0x00000000f9580000,0x00000000f9580000)
  from space 10752K, 66% used [0x00000000f9580000,0x00000000f9c72ee8,0x00000000fa000000)
  to   space 10752K, 0% used [0x00000000fa000000,0x00000000fa000000,0x00000000faa80000)
 ParOldGen       total 175104K, used 7889K [0x00000000e0000000, 0x00000000eab00000, 0x00000000f5580000)
  object space 175104K, 4% used [0x00000000e0000000,0x00000000e07b4460,0x00000000eab00000)
 Metaspace       used 32815K, capacity 34010K, committed 34176K, reserved 1079296K
  class space    used 4683K, capacity 4940K, committed 4992K, reserved 1048576K
Event: 5.144 GC heap after
Heap after GC invocations=7 (full 1):
 PSYoungGen      total 76288K, used 10051K [0x00000000f5580000, 0x00000000faa80000, 0x0000000100000000)
  eden space 65536K, 0% used [0x00000000f5580000,0x00000000f5580000,0x00000000f9580000)
  from space 10752K, 93% used [0x00000000fa000000,0x00000000fa9d0c10,0x00000000faa80000)
  to   space 10752K, 0% used [0x00000000f9580000,0x00000000f9580000,0x00000000fa000000)
 ParOldGen       total 175104K, used 7897K [0x00000000e0000000, 0x00000000eab00000, 0x00000000f5580000)
  object space 175104K, 4% used [0x00000000e0000000,0x00000000e07b6460,0x00000000eab00000)
 Metaspace       used 32815K, capacity 34010K, committed 34176K, reserved 1079296K
  class space    used 4683K, capacity 4940K, committed 4992K, reserved 1048576K
}
Event: 5.298 GC heap before
{Heap before GC invocations=8 (full 1):
 PSYoungGen      total 76288K, used 23661K [0x00000000f5580000, 0x00000000faa80000, 0x0000000100000000)
  eden space 65536K, 20% used [0x00000000f5580000,0x00000000f62caab0,0x00000000f9580000)
  from space 10752K, 93% used [0x00000000fa000000,0x00000000fa9d0c10,0x00000000faa80000)
  to   space 10752K, 0% used [0x00000000f9580000,0x00000000f9580000,0x00000000fa000000)
 ParOldGen       total 175104K, used 7897K [0x00000000e0000000, 0x00000000eab00000, 0x00000000f5580000)
  object space 175104K, 4% used [0x00000000e0000000,0x00000000e07b6460,0x00000000eab00000)
 Metaspace       used 34008K, capacity 35238K, committed 35416K, reserved 1079296K
  class space    used 4743K, capacity 4983K, committed 4992K, reserved 1048576K
Event: 5.310 GC heap after
Heap after GC invocations=8 (full 1):
 PSYoungGen      total 76288K, used 7094K [0x00000000f5580000, 0x00000000fdc00000, 0x0000000100000000)
  eden space 65536K, 0% used [0x00000000f5580000,0x00000000f5580000,0x00000000f9580000)
  from space 10752K, 65% used [0x00000000f9580000,0x00000000f9c6d980,0x00000000fa000000)
  to   space 12288K, 0% used [0x00000000fd000000,0x00000000fd000000,0x00000000fdc00000)
 ParOldGen       total 175104K, used 7905K [0x00000000e0000000, 0x00000000eab00000, 0x00000000f5580000)
  object space 175104K, 4% used [0x00000000e0000000,0x00000000e07b8460,0x00000000eab00000)
 Metaspace       used 34008K, capacity 35238K, committed 35416K, reserved 1079296K
  class space    used 4743K, capacity 4983K, committed 4992K, reserved 1048576K
}
Event: 5.310 GC heap before
{Heap before GC invocations=9 (full 2):
 PSYoungGen      total 76288K, used 7094K [0x00000000f5580000, 0x00000000fdc00000, 0x0000000100000000)
  eden space 65536K, 0% used [0x00000000f5580000,0x00000000f5580000,0x00000000f9580000)
  from space 10752K, 65% used [0x00000000f9580000,0x00000000f9c6d980,0x00000000fa000000)
  to   space 12288K, 0% used [0x00000000fd000000,0x00000000fd000000,0x00000000fdc00000)
 ParOldGen       total 175104K, used 7905K [0x00000000e0000000, 0x00000000eab00000, 0x00000000f5580000)
  object space 175104K, 4% used [0x00000000e0000000,0x00000000e07b8460,0x00000000eab00000)
 Metaspace       used 34008K, capacity 35238K, committed 35416K, reserved 1079296K
  class space    used 4743K, capacity 4983K, committed 4992K, reserved 1048576K
Event: 5.384 GC heap after
Heap after GC invocations=9 (full 2):
 PSYoungGen      total 76288K, used 0K [0x00000000f5580000, 0x00000000fdc00000, 0x0000000100000000)
  eden space 65536K, 0% used [0x00000000f5580000,0x00000000f5580000,0x00000000f9580000)
  from space 10752K, 0% used [0x00000000f9580000,0x00000000f9580000,0x00000000fa000000)
  to   space 12288K, 0% used [0x00000000fd000000,0x00000000fd000000,0x00000000fdc00000)
 ParOldGen       total 175104K, used 13798K [0x00000000e0000000, 0x00000000eab00000, 0x00000000f5580000)
  object space 175104K, 7% used [0x00000000e0000000,0x00000000e0d79800,0x00000000eab00000)
 Metaspace       used 34008K, capacity 35238K, committed 35416K, reserved 1079296K
  class space    used 4743K, capacity 4983K, committed 4992K, reserved 1048576K
}

