# JRE version: Java(TM) SE Runtime Environment (8.0_291-b10) (build 1.8.0_291-b10)
# Java VM: Java HotSpot(TM) 64-Bit Server VM (25.291-b10 mixed mode windows-amd64 compressed oops)
Heap:
 PSYoungGen      total 116224K, used 107608K [0x00000000f5580000, 0x00000000fd380000, 0x0000000100000000)
  eden space 103424K, 95% used [0x00000000f5580000,0x00000000fb607ba8,0x00000000fba80000)
  from space 12800K, 68% used [0x00000000fba80000,0x00000000fc30e548,0x00000000fc700000)
  to   space 12288K, 0% used [0x00000000fc780000,0x00000000fc780000,0x00000000fd380000)
 ParOldGen       total 175104K, used 17221K [0x00000000e0000000, 0x00000000eab00000, 0x00000000f5580000)
  object space 175104K, 9% used [0x00000000e0000000,0x00000000e10d15d8,0x00000000eab00000)
 Metaspace       used 44788K, capacity 47088K, committed 47320K, reserved 1089536K
  class space    used 6370K, capacity 6862K, committed 6912K, reserved 1048576K
GC Heap History (10 events):
Event: 3.991 GC heap before
{Heap before GC invocations=5 (full 1):
 PSYoungGen      total 76288K, used 8157K [0x00000000f5580000, 0x00000000fea80000, 0x0000000100000000)
  eden space 65536K, 0% used [0x00000000f5580000,0x00000000f5580000,0x00000000f9580000)
  from space 10752K, 75% used [0x00000000fa000000,0x00000000fa7f77f8,0x00000000faa80000)
  to   space 10752K, 0% used [0x00000000f9580000,0x00000000f9580000,0x00000000fa000000)
 ParOldGen       total 175104K, used 655K [0x00000000e0000000, 0x00000000eab00000, 0x00000000f5580000)
  object space 175104K, 0% used [0x00000000e0000000,0x00000000e00a3c40,0x00000000eab00000)
 Metaspace       used 20379K, capacity 21122K, committed 21248K, reserved 1067008K
  class space    used 3009K, capacity 3245K, committed 3328K, reserved 1048576K
Event: 4.031 GC heap after
Heap after GC invocations=5 (full 1):
 PSYoungGen      total 76288K, used 0K [0x00000000f5580000, 0x00000000fea80000, 0x0000000100000000)
  eden space 65536K, 0% used [0x00000000f5580000,0x00000000f5580000,0x00000000f9580000)
  from space 10752K, 0% used [0x00000000fa000000,0x00000000fa000000,0x00000000faa80000)
  to   space 10752K, 0% used [0x00000000f9580000,0x00000000f9580000,0x00000000fa000000)
 ParOldGen       total 175104K, used 7987K [0x00000000e0000000, 0x00000000eab00000, 0x00000000f5580000)
  object space 175104K, 4% used [0x00000000e0000000,0x00000000e07ccd70,0x00000000eab00000)
 Metaspace       used 20379K, capacity 21122K, committed 21248K, reserved 1067008K
  class space    used 3009K, capacity 3245K, committed 3328K, reserved 1048576K
}
Event: 4.958 GC heap before
{Heap before GC invocations=6 (full 1):
 PSYoungGen      total 76288K, used 65536K [0x00000000f5580000, 0x00000000fea80000, 0x0000000100000000)
  eden space 65536K, 100% used [0x00000000f5580000,0x00000000f9580000,0x00000000f9580000)
  from space 10752K, 0% used [0x00000000fa000000,0x00000000fa000000,0x00000000faa80000)
  to   space 10752K, 0% used [0x00000000f9580000,0x00000000f9580000,0x00000000fa000000)
 ParOldGen       total 175104K, used 7987K [0x00000000e0000000, 0x00000000eab00000, 0x00000000f5580000)
  object space 175104K, 4% used [0x00000000e0000000,0x00000000e07ccd70,0x00000000eab00000)
 Metaspace       used 25995K, capacity 27046K, committed 27264K, reserved 1073152K
  class space    used 3865K, capacity 4120K, committed 4224K, reserved 1048576K
Event: 4.968 GC heap after
Heap after GC invocations=6 (full 1):
 PSYoungGen      total 76288K, used 6953K [0x00000000f5580000, 0x00000000fd380000, 0x0000000100000000)
  eden space 65536K, 0% used [0x00000000f5580000,0x00000000f5580000,0x00000000f9580000)
  from space 10752K, 64% used [0x00000000f9580000,0x00000000f9c4a418,0x00000000fa000000)
  to   space 12288K, 0% used [0x00000000fc780000,0x00000000fc780000,0x00000000fd380000)
 ParOldGen       total 175104K, used 7995K [0x00000000e0000000, 0x00000000eab00000, 0x00000000f5580000)
  object space 175104K, 4% used [0x00000000e0000000,0x00000000e07ced70,0x00000000eab00000)
 Metaspace       used 25995K, capacity 27046K, committed 27264K, reserved 1073152K
  class space    used 3865K, capacity 4120K, committed 4224K, reserved 1048576K
}
Event: 6.052 GC heap before
{Heap before GC invocations=7 (full 1):
 PSYoungGen      total 76288K, used 61379K [0x00000000f5580000, 0x00000000fd380000, 0x0000000100000000)
  eden space 65536K, 83% used [0x00000000f5580000,0x00000000f8aa6a30,0x00000000f9580000)
  from space 10752K, 64% used [0x00000000f9580000,0x00000000f9c4a418,0x00000000fa000000)
  to   space 12288K, 0% used [0x00000000fc780000,0x00000000fc780000,0x00000000fd380000)
 ParOldGen       total 175104K, used 7995K [0x00000000e0000000, 0x00000000eab00000, 0x00000000f5580000)
  object space 175104K, 4% used [0x00000000e0000000,0x00000000e07ced70,0x00000000eab00000)
 Metaspace       used 34220K, capacity 35338K, committed 35416K, reserved 1079296K
  class space    used 4699K, capacity 4954K, committed 4992K, reserved 1048576K
Event: 6.065 GC heap after
Heap after GC invocations=7 (full 1):
 PSYoungGen      total 115712K, used 10615K [0x00000000f5580000, 0x00000000fd380000, 0x0000000100000000)
  eden space 103424K, 0% used [0x00000000f5580000,0x00000000f5580000,0x00000000fba80000)
  from space 12288K, 86% used [0x00000000fc780000,0x00000000fd1ddf00,0x00000000fd380000)
  to   space 12800K, 0% used [0x00000000fba80000,0x00000000fba80000,0x00000000fc700000)
 ParOldGen       total 175104K, used 8003K [0x00000000e0000000, 0x00000000eab00000, 0x00000000f5580000)
  object space 175104K, 4% used [0x00000000e0000000,0x00000000e07d0d70,0x00000000eab00000)
 Metaspace       used 34220K, capacity 35338K, committed 35416K, reserved 1079296K
  class space    used 4699K, capacity 4954K, committed 4992K, reserved 1048576K
}
Event: 6.065 GC heap before
{Heap before GC invocations=8 (full 2):
 PSYoungGen      total 115712K, used 10615K [0x00000000f5580000, 0x00000000fd380000, 0x0000000100000000)
  eden space 103424K, 0% used [0x00000000f5580000,0x00000000f5580000,0x00000000fba80000)
  from space 12288K, 86% used [0x00000000fc780000,0x00000000fd1ddf00,0x00000000fd380000)
  to   space 12800K, 0% used [0x00000000fba80000,0x00000000fba80000,0x00000000fc700000)
 ParOldGen       total 175104K, used 8003K [0x00000000e0000000, 0x00000000eab00000, 0x00000000f5580000)
  object space 175104K, 4% used [0x00000000e0000000,0x00000000e07d0d70,0x00000000eab00000)
 Metaspace       used 34220K, capacity 35338K, committed 35416K, reserved 1079296K
  class space    used 4699K, capacity 4954K, committed 4992K, reserved 1048576K
Event: 6.121 GC heap after
Heap after GC invocations=8 (full 2):
 PSYoungGen      total 115712K, used 0K [0x00000000f5580000, 0x00000000fd380000, 0x0000000100000000)
  eden space 103424K, 0% used [0x00000000f5580000,0x00000000f5580000,0x00000000fba80000)
  from space 12288K, 0% used [0x00000000fc780000,0x00000000fc780000,0x00000000fd380000)
  to   space 12800K, 0% used [0x00000000fba80000,0x00000000fba80000,0x00000000fc700000)
 ParOldGen       total 175104K, used 17213K [0x00000000e0000000, 0x00000000eab00000, 0x00000000f5580000)
  object space 175104K, 9% used [0x00000000e0000000,0x00000000e10cf5d8,0x00000000eab00000)
 Metaspace       used 34195K, capacity 35252K, committed 35416K, reserved 1079296K
  class space    used 4693K, capacity 4948K, committed 4992K, reserved 1048576K
}
Event: 7.623 GC heap before
{Heap before GC invocations=9 (full 2):
 PSYoungGen      total 115712K, used 103424K [0x00000000f5580000, 0x00000000fd380000, 0x0000000100000000)
  eden space 103424K, 100% used [0x00000000f5580000,0x00000000fba80000,0x00000000fba80000)
  from space 12288K, 0% used [0x00000000fc780000,0x00000000fc780000,0x00000000fd380000)
  to   space 12800K, 0% used [0x00000000fba80000,0x00000000fba80000,0x00000000fc700000)
 ParOldGen       total 175104K, used 17213K [0x00000000e0000000, 0x00000000eab00000, 0x00000000f5580000)
  object space 175104K, 9% used [0x00000000e0000000,0x00000000e10cf5d8,0x00000000eab00000)
 Metaspace       used 41038K, capacity 42648K, committed 42968K, reserved 1085440K
  class space    used 5722K, capacity 6021K, committed 6144K, reserved 1048576K
Event: 7.639 GC heap after
Heap after GC invocations=9 (full 2):
 PSYoungGen      total 116224K, used 8761K [0x00000000f5580000, 0x00000000fd380000, 0x0000000100000000)
  eden space 103424K, 0% used [0x00000000f5580000,0x00000000f5580000,0x00000000fba80000)
  from space 12800K, 68% used [0x00000000fba80000,0x00000000fc30e548,0x00000000fc700000)
  to   space 12288K, 0% used [0x00000000fc780000,0x00000000fc780000,0x00000000fd380000)
 ParOldGen       total 175104K, used 17221K [0x00000000e0000000, 0x00000000eab00000, 0x00000000f5580000)
  object space 175104K, 9% used [0x00000000e0000000,0x00000000e10d15d8,0x00000000eab00000)
 Metaspace       used 41038K, capacity 42648K, committed 42968K, reserved 1085440K
  class space    used 5722K, capacity 6021K, committed 6144K, reserved 1048576K
}

