# JRE version: Java(TM) SE Runtime Environment (8.0_291-b10) (build 1.8.0_291-b10)
# Java VM: Java HotSpot(TM) 64-Bit Server VM (25.291-b10 mixed mode windows-amd64 compressed oops)
Heap:
 PSYoungGen      total 159232K, used 100116K [0x00000000f5580000, 0x0000000100000000, 0x0000000100000000)
  eden space 143872K, 69% used [0x00000000f5580000,0x00000000fb7451d8,0x00000000fe200000)
  from space 15360K, 0% used [0x00000000ff100000,0x00000000ff100000,0x0000000100000000)
  to   space 15360K, 23% used [0x00000000fe200000,0x00000000fe580030,0x00000000ff100000)
 ParOldGen       total 175104K, used 13824K [0x00000000e0000000, 0x00000000eab00000, 0x00000000f5580000)
  object space 175104K, 7% used [0x00000000e0000000,0x00000000e0d802b8,0x00000000eab00000)
 Metaspace       used 39389K, capacity 41188K, committed 41304K, reserved 1085440K
  class space    used 5638K, capacity 6001K, committed 6016K, reserved 1048576K
GC Heap History (10 events):
Event: 3.613 GC heap before
{Heap before GC invocations=4 (full 0):
 PSYoungGen      total 76288K, used 25880K [0x00000000f5580000, 0x00000000fea80000, 0x0000000100000000)
  eden space 65536K, 23% used [0x00000000f5580000,0x00000000f644d608,0x00000000f9580000)
  from space 10752K, 99% used [0x00000000f9580000,0x00000000f9ff8bf0,0x00000000fa000000)
  to   space 10752K, 0% used [0x00000000fe000000,0x00000000fe000000,0x00000000fea80000)
 ParOldGen       total 175104K, used 662K [0x00000000e0000000, 0x00000000eab00000, 0x00000000f5580000)
  object space 175104K, 0% used [0x00000000e0000000,0x00000000e00a5be8,0x00000000eab00000)
 Metaspace       used 20383K, capacity 21122K, committed 21248K, reserved 1067008K
  class space    used 3009K, capacity 3245K, committed 3328K, reserved 1048576K
Event: 3.622 GC heap after
Heap after GC invocations=4 (full 0):
 PSYoungGen      total 141824K, used 8156K [0x00000000f5580000, 0x00000000fea80000, 0x0000000100000000)
  eden space 131072K, 0% used [0x00000000f5580000,0x00000000f5580000,0x00000000fd580000)
  from space 10752K, 75% used [0x00000000fe000000,0x00000000fe7f7048,0x00000000fea80000)
  to   space 10752K, 0% used [0x00000000fd580000,0x00000000fd580000,0x00000000fe000000)
 ParOldGen       total 175104K, used 670K [0x00000000e0000000, 0x00000000eab00000, 0x00000000f5580000)
  object space 175104K, 0% used [0x00000000e0000000,0x00000000e00a7be8,0x00000000eab00000)
 Metaspace       used 20383K, capacity 21122K, committed 21248K, reserved 1067008K
  class space    used 3009K, capacity 3245K, committed 3328K, reserved 1048576K
}
Event: 3.622 GC heap before
{Heap before GC invocations=5 (full 1):
 PSYoungGen      total 141824K, used 8156K [0x00000000f5580000, 0x00000000fea80000, 0x0000000100000000)
  eden space 131072K, 0% used [0x00000000f5580000,0x00000000f5580000,0x00000000fd580000)
  from space 10752K, 75% used [0x00000000fe000000,0x00000000fe7f7048,0x00000000fea80000)
  to   space 10752K, 0% used [0x00000000fd580000,0x00000000fd580000,0x00000000fe000000)
 ParOldGen       total 175104K, used 670K [0x00000000e0000000, 0x00000000eab00000, 0x00000000f5580000)
  object space 175104K, 0% used [0x00000000e0000000,0x00000000e00a7be8,0x00000000eab00000)
 Metaspace       used 20383K, capacity 21122K, committed 21248K, reserved 1067008K
  class space    used 3009K, capacity 3245K, committed 3328K, reserved 1048576K
Event: 3.661 GC heap after
Heap after GC invocations=5 (full 1):
 PSYoungGen      total 141824K, used 0K [0x00000000f5580000, 0x00000000fea80000, 0x0000000100000000)
  eden space 131072K, 0% used [0x00000000f5580000,0x00000000f5580000,0x00000000fd580000)
  from space 10752K, 0% used [0x00000000fe000000,0x00000000fe000000,0x00000000fea80000)
  to   space 10752K, 0% used [0x00000000fd580000,0x00000000fd580000,0x00000000fe000000)
 ParOldGen       total 175104K, used 7971K [0x00000000e0000000, 0x00000000eab00000, 0x00000000f5580000)
  object space 175104K, 4% used [0x00000000e0000000,0x00000000e07c8ef8,0x00000000eab00000)
 Metaspace       used 20383K, capacity 21122K, committed 21248K, reserved 1067008K
  class space    used 3009K, capacity 3245K, committed 3328K, reserved 1048576K
}
Event: 5.362 GC heap before
{Heap before GC invocations=6 (full 1):
 PSYoungGen      total 141824K, used 131072K [0x00000000f5580000, 0x00000000fea80000, 0x0000000100000000)
  eden space 131072K, 100% used [0x00000000f5580000,0x00000000fd580000,0x00000000fd580000)
  from space 10752K, 0% used [0x00000000fe000000,0x00000000fe000000,0x00000000fea80000)
  to   space 10752K, 0% used [0x00000000fd580000,0x00000000fd580000,0x00000000fe000000)
 ParOldGen       total 175104K, used 7971K [0x00000000e0000000, 0x00000000eab00000, 0x00000000f5580000)
  object space 175104K, 4% used [0x00000000e0000000,0x00000000e07c8ef8,0x00000000eab00000)
 Metaspace       used 32789K, capacity 34006K, committed 34176K, reserved 1079296K
  class space    used 4679K, capacity 4940K, committed 4992K, reserved 1048576K
Event: 5.389 GC heap after
Heap after GC invocations=6 (full 1):
 PSYoungGen      total 141824K, used 10748K [0x00000000f5580000, 0x0000000100000000, 0x0000000100000000)
  eden space 131072K, 0% used [0x00000000f5580000,0x00000000f5580000,0x00000000fd580000)
  from space 10752K, 99% used [0x00000000fd580000,0x00000000fdfff230,0x00000000fe000000)
  to   space 15360K, 0% used [0x00000000ff100000,0x00000000ff100000,0x0000000100000000)
 ParOldGen       total 175104K, used 11549K [0x00000000e0000000, 0x00000000eab00000, 0x00000000f5580000)
  object space 175104K, 6% used [0x00000000e0000000,0x00000000e0b47708,0x00000000eab00000)
 Metaspace       used 32789K, capacity 34006K, committed 34176K, reserved 1079296K
  class space    used 4679K, capacity 4940K, committed 4992K, reserved 1048576K
}
Event: 5.571 GC heap before
{Heap before GC invocations=7 (full 1):
 PSYoungGen      total 141824K, used 26336K [0x00000000f5580000, 0x0000000100000000, 0x0000000100000000)
  eden space 131072K, 11% used [0x00000000f5580000,0x00000000f64b9050,0x00000000fd580000)
  from space 10752K, 99% used [0x00000000fd580000,0x00000000fdfff230,0x00000000fe000000)
  to   space 15360K, 0% used [0x00000000ff100000,0x00000000ff100000,0x0000000100000000)
 ParOldGen       total 175104K, used 11549K [0x00000000e0000000, 0x00000000eab00000, 0x00000000f5580000)
  object space 175104K, 6% used [0x00000000e0000000,0x00000000e0b47708,0x00000000eab00000)
 Metaspace       used 34007K, capacity 35238K, committed 35416K, reserved 1079296K
  class space    used 4744K, capacity 4983K, committed 4992K, reserved 1048576K
Event: 5.588 GC heap after
Heap after GC invocations=7 (full 1):
 PSYoungGen      total 159232K, used 6982K [0x00000000f5580000, 0x0000000100000000, 0x0000000100000000)
  eden space 143872K, 0% used [0x00000000f5580000,0x00000000f5580000,0x00000000fe200000)
  from space 15360K, 45% used [0x00000000ff100000,0x00000000ff7d1990,0x0000000100000000)
  to   space 15360K, 0% used [0x00000000fe200000,0x00000000fe200000,0x00000000ff100000)
 ParOldGen       total 175104K, used 11549K [0x00000000e0000000, 0x00000000eab00000, 0x00000000f5580000)
  object space 175104K, 6% used [0x00000000e0000000,0x00000000e0b47708,0x00000000eab00000)
 Metaspace       used 34007K, capacity 35238K, committed 35416K, reserved 1079296K
  class space    used 4744K, capacity 4983K, committed 4992K, reserved 1048576K
}
Event: 5.588 GC heap before
{Heap before GC invocations=8 (full 2):
 PSYoungGen      total 159232K, used 6982K [0x00000000f5580000, 0x0000000100000000, 0x0000000100000000)
  eden space 143872K, 0% used [0x00000000f5580000,0x00000000f5580000,0x00000000fe200000)
  from space 15360K, 45% used [0x00000000ff100000,0x00000000ff7d1990,0x0000000100000000)
  to   space 15360K, 0% used [0x00000000fe200000,0x00000000fe200000,0x00000000ff100000)
 ParOldGen       total 175104K, used 11549K [0x00000000e0000000, 0x00000000eab00000, 0x00000000f5580000)
  object space 175104K, 6% used [0x00000000e0000000,0x00000000e0b47708,0x00000000eab00000)
 Metaspace       used 34007K, capacity 35238K, committed 35416K, reserved 1079296K
  class space    used 4744K, capacity 4983K, committed 4992K, reserved 1048576K
Event: 5.679 GC heap after
Heap after GC invocations=8 (full 2):
 PSYoungGen      total 159232K, used 0K [0x00000000f5580000, 0x0000000100000000, 0x0000000100000000)
  eden space 143872K, 0% used [0x00000000f5580000,0x00000000f5580000,0x00000000fe200000)
  from space 15360K, 0% used [0x00000000ff100000,0x00000000ff100000,0x0000000100000000)
  to   space 15360K, 0% used [0x00000000fe200000,0x00000000fe200000,0x00000000ff100000)
 ParOldGen       total 175104K, used 13824K [0x00000000e0000000, 0x00000000eab00000, 0x00000000f5580000)
  object space 175104K, 7% used [0x00000000e0000000,0x00000000e0d802b8,0x00000000eab00000)
 Metaspace       used 34007K, capacity 35238K, committed 35416K, reserved 1079296K
  class space    used 4744K, capacity 4983K, committed 4992K, reserved 1048576K
}

