# JRE version: Java(TM) SE Runtime Environment (8.0_291-b10) (build 1.8.0_291-b10)
# Java VM: Java HotSpot(TM) 64-Bit Server VM (25.291-b10 mixed mode windows-amd64 compressed oops)
Heap:
 PSYoungGen      total 159232K, used 23207K [0x00000000f5580000, 0x0000000100000000, 0x0000000100000000)
  eden space 143360K, 16% used [0x00000000f5580000,0x00000000f6c29cb8,0x00000000fe180000)
  from space 15872K, 0% used [0x00000000ff080000,0x00000000ff080000,0x0000000100000000)
  to   space 15360K, 0% used [0x00000000fe180000,0x00000000fe180000,0x00000000ff080000)
 ParOldGen       total 175104K, used 13836K [0x00000000e0000000, 0x00000000eab00000, 0x00000000f5580000)
  object space 175104K, 7% used [0x00000000e0000000,0x00000000e0d83080,0x00000000eab00000)
 Metaspace       used 35308K, capacity 36750K, committed 37080K, reserved 1081344K
  class space    used 4978K, capacity 5293K, committed 5376K, reserved 1048576K
GC Heap History (10 events):
Event: 3.520 GC heap before
{Heap before GC invocations=4 (full 0):
 PSYoungGen      total 76288K, used 25498K [0x00000000f5580000, 0x00000000fea80000, 0x0000000100000000)
  eden space 65536K, 22% used [0x00000000f5580000,0x00000000f63ea800,0x00000000f9580000)
  from space 10752K, 99% used [0x00000000f9580000,0x00000000f9ffc188,0x00000000fa000000)
  to   space 10752K, 0% used [0x00000000fe000000,0x00000000fe000000,0x00000000fea80000)
 ParOldGen       total 175104K, used 593K [0x00000000e0000000, 0x00000000eab00000, 0x00000000f5580000)
  object space 175104K, 0% used [0x00000000e0000000,0x00000000e00945a8,0x00000000eab00000)
 Metaspace       used 20379K, capacity 21122K, committed 21248K, reserved 1067008K
  class space    used 3008K, capacity 3245K, committed 3328K, reserved 1048576K
Event: 3.530 GC heap after
Heap after GC invocations=4 (full 0):
 PSYoungGen      total 141824K, used 8138K [0x00000000f5580000, 0x00000000fea80000, 0x0000000100000000)
  eden space 131072K, 0% used [0x00000000f5580000,0x00000000f5580000,0x00000000fd580000)
  from space 10752K, 75% used [0x00000000fe000000,0x00000000fe7f2928,0x00000000fea80000)
  to   space 10752K, 0% used [0x00000000fd580000,0x00000000fd580000,0x00000000fe000000)
 ParOldGen       total 175104K, used 601K [0x00000000e0000000, 0x00000000eab00000, 0x00000000f5580000)
  object space 175104K, 0% used [0x00000000e0000000,0x00000000e00965a8,0x00000000eab00000)
 Metaspace       used 20379K, capacity 21122K, committed 21248K, reserved 1067008K
  class space    used 3008K, capacity 3245K, committed 3328K, reserved 1048576K
}
Event: 3.530 GC heap before
{Heap before GC invocations=5 (full 1):
 PSYoungGen      total 141824K, used 8138K [0x00000000f5580000, 0x00000000fea80000, 0x0000000100000000)
  eden space 131072K, 0% used [0x00000000f5580000,0x00000000f5580000,0x00000000fd580000)
  from space 10752K, 75% used [0x00000000fe000000,0x00000000fe7f2928,0x00000000fea80000)
  to   space 10752K, 0% used [0x00000000fd580000,0x00000000fd580000,0x00000000fe000000)
 ParOldGen       total 175104K, used 601K [0x00000000e0000000, 0x00000000eab00000, 0x00000000f5580000)
  object space 175104K, 0% used [0x00000000e0000000,0x00000000e00965a8,0x00000000eab00000)
 Metaspace       used 20379K, capacity 21122K, committed 21248K, reserved 1067008K
  class space    used 3008K, capacity 3245K, committed 3328K, reserved 1048576K
Event: 3.569 GC heap after
Heap after GC invocations=5 (full 1):
 PSYoungGen      total 141824K, used 0K [0x00000000f5580000, 0x00000000fea80000, 0x0000000100000000)
  eden space 131072K, 0% used [0x00000000f5580000,0x00000000f5580000,0x00000000fd580000)
  from space 10752K, 0% used [0x00000000fe000000,0x00000000fe000000,0x00000000fea80000)
  to   space 10752K, 0% used [0x00000000fd580000,0x00000000fd580000,0x00000000fe000000)
 ParOldGen       total 175104K, used 7979K [0x00000000e0000000, 0x00000000eab00000, 0x00000000f5580000)
  object space 175104K, 4% used [0x00000000e0000000,0x00000000e07cae68,0x00000000eab00000)
 Metaspace       used 20379K, capacity 21122K, committed 21248K, reserved 1067008K
  class space    used 3008K, capacity 3245K, committed 3328K, reserved 1048576K
}
Event: 5.280 GC heap before
{Heap before GC invocations=6 (full 1):
 PSYoungGen      total 141824K, used 131072K [0x00000000f5580000, 0x00000000fea80000, 0x0000000100000000)
  eden space 131072K, 100% used [0x00000000f5580000,0x00000000fd580000,0x00000000fd580000)
  from space 10752K, 0% used [0x00000000fe000000,0x00000000fe000000,0x00000000fea80000)
  to   space 10752K, 0% used [0x00000000fd580000,0x00000000fd580000,0x00000000fe000000)
 ParOldGen       total 175104K, used 7979K [0x00000000e0000000, 0x00000000eab00000, 0x00000000f5580000)
  object space 175104K, 4% used [0x00000000e0000000,0x00000000e07cae68,0x00000000eab00000)
 Metaspace       used 32802K, capacity 34074K, committed 34176K, reserved 1079296K
  class space    used 4670K, capacity 4940K, committed 4992K, reserved 1048576K
Event: 5.312 GC heap after
Heap after GC invocations=6 (full 1):
 PSYoungGen      total 141824K, used 10746K [0x00000000f5580000, 0x0000000100000000, 0x0000000100000000)
  eden space 131072K, 0% used [0x00000000f5580000,0x00000000f5580000,0x00000000fd580000)
  from space 10752K, 99% used [0x00000000fd580000,0x00000000fdffeae8,0x00000000fe000000)
  to   space 15872K, 0% used [0x00000000ff080000,0x00000000ff080000,0x0000000100000000)
 ParOldGen       total 175104K, used 11651K [0x00000000e0000000, 0x00000000eab00000, 0x00000000f5580000)
  object space 175104K, 6% used [0x00000000e0000000,0x00000000e0b60fd8,0x00000000eab00000)
 Metaspace       used 32802K, capacity 34074K, committed 34176K, reserved 1079296K
  class space    used 4670K, capacity 4940K, committed 4992K, reserved 1048576K
}
Event: 5.468 GC heap before
{Heap before GC invocations=7 (full 1):
 PSYoungGen      total 141824K, used 25213K [0x00000000f5580000, 0x0000000100000000, 0x0000000100000000)
  eden space 131072K, 11% used [0x00000000f5580000,0x00000000f63a0b08,0x00000000fd580000)
  from space 10752K, 99% used [0x00000000fd580000,0x00000000fdffeae8,0x00000000fe000000)
  to   space 15872K, 0% used [0x00000000ff080000,0x00000000ff080000,0x0000000100000000)
 ParOldGen       total 175104K, used 11651K [0x00000000e0000000, 0x00000000eab00000, 0x00000000f5580000)
  object space 175104K, 6% used [0x00000000e0000000,0x00000000e0b60fd8,0x00000000eab00000)
 Metaspace       used 34007K, capacity 35238K, committed 35416K, reserved 1079296K
  class space    used 4734K, capacity 4983K, committed 4992K, reserved 1048576K
Event: 5.479 GC heap after
Heap after GC invocations=7 (full 1):
 PSYoungGen      total 159232K, used 6998K [0x00000000f5580000, 0x0000000100000000, 0x0000000100000000)
  eden space 143360K, 0% used [0x00000000f5580000,0x00000000f5580000,0x00000000fe180000)
  from space 15872K, 44% used [0x00000000ff080000,0x00000000ff755980,0x0000000100000000)
  to   space 15360K, 0% used [0x00000000fe180000,0x00000000fe180000,0x00000000ff080000)
 ParOldGen       total 175104K, used 11659K [0x00000000e0000000, 0x00000000eab00000, 0x00000000f5580000)
  object space 175104K, 6% used [0x00000000e0000000,0x00000000e0b62fd8,0x00000000eab00000)
 Metaspace       used 34007K, capacity 35238K, committed 35416K, reserved 1079296K
  class space    used 4734K, capacity 4983K, committed 4992K, reserved 1048576K
}
Event: 5.479 GC heap before
{Heap before GC invocations=8 (full 2):
 PSYoungGen      total 159232K, used 6998K [0x00000000f5580000, 0x0000000100000000, 0x0000000100000000)
  eden space 143360K, 0% used [0x00000000f5580000,0x00000000f5580000,0x00000000fe180000)
  from space 15872K, 44% used [0x00000000ff080000,0x00000000ff755980,0x0000000100000000)
  to   space 15360K, 0% used [0x00000000fe180000,0x00000000fe180000,0x00000000ff080000)
 ParOldGen       total 175104K, used 11659K [0x00000000e0000000, 0x00000000eab00000, 0x00000000f5580000)
  object space 175104K, 6% used [0x00000000e0000000,0x00000000e0b62fd8,0x00000000eab00000)
 Metaspace       used 34007K, capacity 35238K, committed 35416K, reserved 1079296K
  class space    used 4734K, capacity 4983K, committed 4992K, reserved 1048576K
Event: 5.548 GC heap after
Heap after GC invocations=8 (full 2):
 PSYoungGen      total 159232K, used 0K [0x00000000f5580000, 0x0000000100000000, 0x0000000100000000)
  eden space 143360K, 0% used [0x00000000f5580000,0x00000000f5580000,0x00000000fe180000)
  from space 15872K, 0% used [0x00000000ff080000,0x00000000ff080000,0x0000000100000000)
  to   space 15360K, 0% used [0x00000000fe180000,0x00000000fe180000,0x00000000ff080000)
 ParOldGen       total 175104K, used 13836K [0x00000000e0000000, 0x00000000eab00000, 0x00000000f5580000)
  object space 175104K, 7% used [0x00000000e0000000,0x00000000e0d83080,0x00000000eab00000)
 Metaspace       used 34007K, capacity 35238K, committed 35416K, reserved 1079296K
  class space    used 4734K, capacity 4983K, committed 4992K, reserved 1048576K
}

